<?xml version="1.0" encoding="UTF-8"?>
<robot generator="Robot 7.4.1 (Python 3.14.2 on win32)" generated="2026-02-21T16:20:32.692941" rpa="false" schemaversion="5">
<suite id="s1" name="Project2" source="C:\Users\MUSKAN MISHRA\PycharmProjects\WiproRobotFramework\project\project2.robot">
<kw name="Open Browser With Options" type="SETUP">
<kw name="Evaluate" owner="BuiltIn">
<msg time="2026-02-21T16:20:33.219133" level="INFO">${chrome_options} = &lt;selenium.webdriver.chrome.options.Options object at 0x00000220164CEE40&gt;</msg>
<var>${chrome_options}</var>
<arg>sys.modules['selenium.webdriver'].ChromeOptions()</arg>
<arg>sys, selenium.webdriver</arg>
<doc>Evaluates the given expression in Python and returns the result.</doc>
<status status="PASS" start="2026-02-21T16:20:33.217026" elapsed="0.002251"/>
</kw>
<kw name="Call Method" owner="BuiltIn">
<arg>${chrome_options}</arg>
<arg>add_argument</arg>
<arg>--disable-notifications</arg>
<doc>Calls the named method of the given object with the provided arguments.</doc>
<status status="PASS" start="2026-02-21T16:20:33.219743" elapsed="0.001094"/>
</kw>
<kw name="Call Method" owner="BuiltIn">
<arg>${chrome_options}</arg>
<arg>add_argument</arg>
<arg>--disable-popup-blocking</arg>
<doc>Calls the named method of the given object with the provided arguments.</doc>
<status status="PASS" start="2026-02-21T16:20:33.221213" elapsed="0.000723"/>
</kw>
<kw name="Call Method" owner="BuiltIn">
<arg>${chrome_options}</arg>
<arg>add_argument</arg>
<arg>--disable-infobars</arg>
<doc>Calls the named method of the given object with the provided arguments.</doc>
<status status="PASS" start="2026-02-21T16:20:33.222238" elapsed="0.000638"/>
</kw>
<kw name="Call Method" owner="BuiltIn">
<arg>${chrome_options}</arg>
<arg>add_argument</arg>
<arg>--start-maximized</arg>
<doc>Calls the named method of the given object with the provided arguments.</doc>
<status status="PASS" start="2026-02-21T16:20:33.223690" elapsed="0.000480"/>
</kw>
<kw name="Call Method" owner="BuiltIn">
<arg>${chrome_options}</arg>
<arg>add_argument</arg>
<arg>--disable-extensions</arg>
<doc>Calls the named method of the given object with the provided arguments.</doc>
<status status="PASS" start="2026-02-21T16:20:33.224423" elapsed="0.000539"/>
</kw>
<kw name="Open Browser" owner="SeleniumLibrary">
<msg time="2026-02-21T16:20:33.226689" level="INFO">Opening browser 'chrome' to base url 'https://automationexercise.com/'.</msg>
<arg>${URL}</arg>
<arg>chrome</arg>
<arg>options=${chrome_options}</arg>
<doc>Opens a new browser instance to the optional ``url``.</doc>
<status status="PASS" start="2026-02-21T16:20:33.225533" elapsed="4.393698"/>
</kw>
<kw name="Set Selenium Timeout" owner="SeleniumLibrary">
<arg>20s</arg>
<doc>Sets the timeout that is used by various keywords.</doc>
<status status="PASS" start="2026-02-21T16:20:37.620029" elapsed="0.005692"/>
</kw>
<kw name="Wait Until Element Is Visible" owner="SeleniumLibrary">
<arg>xpath=//a[@href="/login"]</arg>
<arg>20s</arg>
<doc>Waits until the element ``locator`` is visible.</doc>
<status status="PASS" start="2026-02-21T16:20:37.626164" elapsed="0.070519"/>
</kw>
<status status="PASS" start="2026-02-21T16:20:33.215227" elapsed="4.481845"/>
</kw>
<test id="s1-t1" name="TC_01 Register New User" line="82">
<kw name="Go To Signup Login">
<kw name="Execute Javascript" owner="SeleniumLibrary">
<msg time="2026-02-21T16:20:37.702011" level="INFO">Executing JavaScript:
document.querySelector('a[href="/login"]').click()
Without any arguments.</msg>
<arg>document.querySelector('a[href="/login"]').click()</arg>
<doc>Executes the given JavaScript code with possible arguments.</doc>
<status status="PASS" start="2026-02-21T16:20:37.699790" elapsed="2.549630"/>
</kw>
<kw name="Wait Until Element Is Visible" owner="SeleniumLibrary">
<arg>xpath=//input[@data-qa="login-email"]</arg>
<arg>20s</arg>
<doc>Waits until the element ``locator`` is visible.</doc>
<status status="PASS" start="2026-02-21T16:20:40.250265" elapsed="0.047291"/>
</kw>
<status status="PASS" start="2026-02-21T16:20:37.698827" elapsed="2.599106"/>
</kw>
<kw name="Register New User">
<kw name="Evaluate" owner="BuiltIn">
<msg time="2026-02-21T16:20:40.301912" level="INFO">${random} = 9655</msg>
<var>${random}</var>
<arg>random.randint(1000,9999)</arg>
<arg>modules=random</arg>
<doc>Evaluates the given expression in Python and returns the result.</doc>
<status status="PASS" start="2026-02-21T16:20:40.300235" elapsed="0.001786"/>
</kw>
<kw name="Set Variable" owner="BuiltIn">
<msg time="2026-02-21T16:20:40.303218" level="INFO">${EMAIL} = muskan9655@test.com</msg>
<var>${EMAIL}</var>
<arg>muskan${random}@test.com</arg>
<doc>Returns the given values which can then be assigned to a variables.</doc>
<status status="PASS" start="2026-02-21T16:20:40.302398" elapsed="0.000899"/>
</kw>
<kw name="Input Text" owner="SeleniumLibrary">
<msg time="2026-02-21T16:20:40.304070" level="INFO">Typing text 'Muskan' into text field 'xpath=//input[@data-qa="signup-name"]'.</msg>
<arg>xpath=//input[@data-qa="signup-name"]</arg>
<arg>${NAME}</arg>
<doc>Types the given ``text`` into the text field identified by ``locator``.</doc>
<status status="PASS" start="2026-02-21T16:20:40.303576" elapsed="0.348822"/>
</kw>
<kw name="Input Text" owner="SeleniumLibrary">
<msg time="2026-02-21T16:20:40.653773" level="INFO">Typing text 'muskan9655@test.com' into text field 'xpath=//input[@data-qa="signup-email"]'.</msg>
<arg>xpath=//input[@data-qa="signup-email"]</arg>
<arg>${EMAIL}</arg>
<doc>Types the given ``text`` into the text field identified by ``locator``.</doc>
<status status="PASS" start="2026-02-21T16:20:40.652939" elapsed="0.257479"/>
</kw>
<kw name="Click Element" owner="SeleniumLibrary">
<msg time="2026-02-21T16:20:40.912043" level="INFO">Clicking element 'xpath=//button[@data-qa="signup-button"]'.</msg>
<arg>xpath=//button[@data-qa="signup-button"]</arg>
<doc>Click the element identified by ``locator``.</doc>
<status status="PASS" start="2026-02-21T16:20:40.911170" elapsed="1.415637"/>
</kw>
<kw name="Wait Until Element Is Visible" owner="SeleniumLibrary">
<arg>id=password</arg>
<arg>20s</arg>
<doc>Waits until the element ``locator`` is visible.</doc>
<status status="PASS" start="2026-02-21T16:20:42.327342" elapsed="0.088792"/>
</kw>
<kw name="Input Text" owner="SeleniumLibrary">
<msg time="2026-02-21T16:20:42.418479" level="INFO">Typing text 'Test@123' into text field 'id=password'.</msg>
<arg>id=password</arg>
<arg>${PASSWORD}</arg>
<doc>Types the given ``text`` into the text field identified by ``locator``.</doc>
<status status="PASS" start="2026-02-21T16:20:42.416766" elapsed="0.750649"/>
</kw>
<kw name="Select From List By Value" owner="SeleniumLibrary">
<msg time="2026-02-21T16:20:43.168892" level="INFO">Selecting options from selection list 'id=days' by value 10.</msg>
<arg>id=days</arg>
<arg>10</arg>
<doc>Selects options from selection list ``locator`` by ``values``.</doc>
<status status="PASS" start="2026-02-21T16:20:43.168019" elapsed="0.231371"/>
</kw>
<kw name="Select From List By Value" owner="SeleniumLibrary">
<msg time="2026-02-21T16:20:43.401157" level="INFO">Selecting options from selection list 'id=months' by value 5.</msg>
<arg>id=months</arg>
<arg>5</arg>
<doc>Selects options from selection list ``locator`` by ``values``.</doc>
<status status="PASS" start="2026-02-21T16:20:43.400331" elapsed="0.214704"/>
</kw>
<kw name="Select From List By Value" owner="SeleniumLibrary">
<msg time="2026-02-21T16:20:43.616379" level="INFO">Selecting options from selection list 'id=years' by value 1998.</msg>
<arg>id=years</arg>
<arg>1998</arg>
<doc>Selects options from selection list ``locator`` by ``values``.</doc>
<status status="PASS" start="2026-02-21T16:20:43.615653" elapsed="0.177176"/>
</kw>
<kw name="Input Text" owner="SeleniumLibrary">
<msg time="2026-02-21T16:20:43.793919" level="INFO">Typing text 'Muskan' into text field 'id=first_name'.</msg>
<arg>id=first_name</arg>
<arg>Muskan</arg>
<doc>Types the given ``text`` into the text field identified by ``locator``.</doc>
<status status="PASS" start="2026-02-21T16:20:43.793366" elapsed="0.325290"/>
</kw>
<kw name="Input Text" owner="SeleniumLibrary">
<msg time="2026-02-21T16:20:44.120867" level="INFO">Typing text 'Mishra' into text field 'id=last_name'.</msg>
<arg>id=last_name</arg>
<arg>Mishra</arg>
<doc>Types the given ``text`` into the text field identified by ``locator``.</doc>
<status status="PASS" start="2026-02-21T16:20:44.119768" elapsed="0.320150"/>
</kw>
<kw name="Input Text" owner="SeleniumLibrary">
<msg time="2026-02-21T16:20:44.442185" level="INFO">Typing text 'Delhi' into text field 'id=address1'.</msg>
<arg>id=address1</arg>
<arg>Delhi</arg>
<doc>Types the given ``text`` into the text field identified by ``locator``.</doc>
<status status="PASS" start="2026-02-21T16:20:44.441367" elapsed="0.284393"/>
</kw>
<kw name="Select From List By Label" owner="SeleniumLibrary">
<msg time="2026-02-21T16:20:44.727083" level="INFO">Selecting options from selection list 'id=country' by label India.</msg>
<arg>id=country</arg>
<arg>India</arg>
<doc>Selects options from selection list ``locator`` by ``labels``.</doc>
<status status="PASS" start="2026-02-21T16:20:44.726356" elapsed="0.201358"/>
</kw>
<kw name="Input Text" owner="SeleniumLibrary">
<msg time="2026-02-21T16:20:44.929123" level="INFO">Typing text 'Delhi' into text field 'id=state'.</msg>
<arg>id=state</arg>
<arg>Delhi</arg>
<doc>Types the given ``text`` into the text field identified by ``locator``.</doc>
<status status="PASS" start="2026-02-21T16:20:44.928091" elapsed="0.325287"/>
</kw>
<kw name="Input Text" owner="SeleniumLibrary">
<msg time="2026-02-21T16:20:45.254697" level="INFO">Typing text 'Delhi' into text field 'id=city'.</msg>
<arg>id=city</arg>
<arg>Delhi</arg>
<doc>Types the given ``text`` into the text field identified by ``locator``.</doc>
<status status="PASS" start="2026-02-21T16:20:45.253895" elapsed="0.260658"/>
</kw>
<kw name="Input Text" owner="SeleniumLibrary">
<msg time="2026-02-21T16:20:45.516162" level="INFO">Typing text '110001' into text field 'id=zipcode'.</msg>
<arg>id=zipcode</arg>
<arg>110001</arg>
<doc>Types the given ``text`` into the text field identified by ``locator``.</doc>
<status status="PASS" start="2026-02-21T16:20:45.515440" elapsed="0.280271"/>
</kw>
<kw name="Input Text" owner="SeleniumLibrary">
<msg time="2026-02-21T16:20:45.797066" level="INFO">Typing text '9999999999' into text field 'id=mobile_number'.</msg>
<arg>id=mobile_number</arg>
<arg>9999999999</arg>
<doc>Types the given ``text`` into the text field identified by ``locator``.</doc>
<status status="PASS" start="2026-02-21T16:20:45.796310" elapsed="0.258077"/>
</kw>
<kw name="Click Element" owner="SeleniumLibrary">
<msg time="2026-02-21T16:20:46.056147" level="INFO">Clicking element 'xpath=//button[@data-qa="create-account"]'.</msg>
<arg>xpath=//button[@data-qa="create-account"]</arg>
<doc>Click the element identified by ``locator``.</doc>
<status status="PASS" start="2026-02-21T16:20:46.055121" elapsed="5.082307"/>
</kw>
<kw name="Wait Until Element Is Visible" owner="SeleniumLibrary">
<arg>xpath=//b[text()="Account Created!"]</arg>
<arg>20s</arg>
<doc>Waits until the element ``locator`` is visible.</doc>
<status status="PASS" start="2026-02-21T16:20:51.137912" elapsed="0.051846"/>
</kw>
<kw name="Click Element" owner="SeleniumLibrary">
<msg time="2026-02-21T16:20:51.190967" level="INFO">Clicking element 'xpath=//a[@data-qa="continue-button"]'.</msg>
<arg>xpath=//a[@data-qa="continue-button"]</arg>
<doc>Click the element identified by ``locator``.</doc>
<status status="PASS" start="2026-02-21T16:20:51.190314" elapsed="0.309624"/>
</kw>
<status status="PASS" start="2026-02-21T16:20:40.299138" elapsed="11.201176"/>
</kw>
<status status="PASS" start="2026-02-21T16:20:37.697364" elapsed="13.803896"/>
</test>
<test id="s1-t2" name="TC_02 Login With Existing User" line="86">
<kw name="Go To Signup Login">
<kw name="Execute Javascript" owner="SeleniumLibrary">
<msg time="2026-02-21T16:20:51.514222" level="INFO">Executing JavaScript:
document.querySelector('a[href="/login"]').click()
Without any arguments.</msg>
<arg>document.querySelector('a[href="/login"]').click()</arg>
<doc>Executes the given JavaScript code with possible arguments.</doc>
<status status="PASS" start="2026-02-21T16:20:51.511459" elapsed="4.180559"/>
</kw>
<kw name="Wait Until Element Is Visible" owner="SeleniumLibrary">
<msg time="2026-02-21T16:21:16.147833" level="INFO" html="true">&lt;/td&gt;&lt;/tr&gt;&lt;tr&gt;&lt;td colspan="3"&gt;&lt;a href="selenium-screenshot-33.png"&gt;&lt;img src="selenium-screenshot-33.png" width="800px"&gt;&lt;/a&gt;</msg>
<msg time="2026-02-21T16:21:16.148346" level="FAIL">Element 'xpath=//input[@data-qa="login-email"]' not visible after 20 seconds.</msg>
<arg>xpath=//input[@data-qa="login-email"]</arg>
<arg>20s</arg>
<doc>Waits until the element ``locator`` is visible.</doc>
<status status="FAIL" start="2026-02-21T16:20:55.692534" elapsed="20.464534">Element 'xpath=//input[@data-qa="login-email"]' not visible after 20 seconds.</status>
</kw>
<status status="FAIL" start="2026-02-21T16:20:51.509390" elapsed="24.648263">Element 'xpath=//input[@data-qa="login-email"]' not visible after 20 seconds.</status>
</kw>
<kw name="Login User">
<arg>${EXISTING_EMAIL}</arg>
<arg>${PASSWORD}</arg>
<status status="NOT RUN" start="2026-02-21T16:21:16.158746" elapsed="0.000122"/>
</kw>
<kw name="Logout User">
<status status="NOT RUN" start="2026-02-21T16:21:16.159655" elapsed="0.000098"/>
</kw>
<status status="FAIL" start="2026-02-21T16:20:51.505769" elapsed="24.655103">Element 'xpath=//input[@data-qa="login-email"]' not visible after 20 seconds.</status>
</test>
<test id="s1-t3" name="TC_03 Search Product" line="91">
<kw name="Go To Products">
<kw name="Execute Javascript" owner="SeleniumLibrary">
<msg time="2026-02-21T16:21:16.165678" level="INFO">Executing JavaScript:
document.querySelector('a[href="/products"]').click()
Without any arguments.</msg>
<arg>document.querySelector('a[href="/products"]').click()</arg>
<doc>Executes the given JavaScript code with possible arguments.</doc>
<status status="PASS" start="2026-02-21T16:21:16.164551" elapsed="2.463146"/>
</kw>
<kw name="Wait Until Element Is Visible" owner="SeleniumLibrary">
<arg>xpath=//h2[contains(text(),"All Products")]</arg>
<arg>20s</arg>
<doc>Waits until the element ``locator`` is visible.</doc>
<status status="PASS" start="2026-02-21T16:21:18.628293" elapsed="0.051298"/>
</kw>
<status status="PASS" start="2026-02-21T16:21:16.163929" elapsed="2.515983"/>
</kw>
<kw name="Input Text" owner="SeleniumLibrary">
<msg time="2026-02-21T16:21:18.681352" level="INFO">Typing text 'Blue Top' into text field 'id=search_product'.</msg>
<arg>id=search_product</arg>
<arg>${SEARCH_PRODUCT}</arg>
<doc>Types the given ``text`` into the text field identified by ``locator``.</doc>
<status status="PASS" start="2026-02-21T16:21:18.680650" elapsed="0.347022"/>
</kw>
<kw name="Click Element" owner="SeleniumLibrary">
<msg time="2026-02-21T16:21:19.029188" level="INFO">Clicking element 'id=submit_search'.</msg>
<arg>id=submit_search</arg>
<doc>Click the element identified by ``locator``.</doc>
<status status="PASS" start="2026-02-21T16:21:19.028608" elapsed="1.510793"/>
</kw>
<kw name="Wait Until Element Is Visible" owner="SeleniumLibrary">
<arg>xpath=//p[contains(text(),"Blue Top")]</arg>
<arg>20s</arg>
<doc>Waits until the element ``locator`` is visible.</doc>
<status status="PASS" start="2026-02-21T16:21:20.540454" elapsed="0.088252"/>
</kw>
<status status="PASS" start="2026-02-21T16:21:16.162887" elapsed="4.466813"/>
</test>
<test id="s1-t4" name="TC_04 Contact Us Page" line="97">
<kw name="Go To Contact Us">
<kw name="Execute Javascript" owner="SeleniumLibrary">
<msg time="2026-02-21T16:21:20.637751" level="INFO">Executing JavaScript:
document.querySelector('a[href="/contact_us"]').click()
Without any arguments.</msg>
<arg>document.querySelector('a[href="/contact_us"]').click()</arg>
<doc>Executes the given JavaScript code with possible arguments.</doc>
<status status="PASS" start="2026-02-21T16:21:20.634652" elapsed="1.976852"/>
</kw>
<kw name="Wait Until Element Is Visible" owner="SeleniumLibrary">
<arg>xpath=//h2[contains(text(),"Get In Touch")]</arg>
<arg>20s</arg>
<doc>Waits until the element ``locator`` is visible.</doc>
<status status="PASS" start="2026-02-21T16:21:22.612071" elapsed="0.039613"/>
</kw>
<status status="PASS" start="2026-02-21T16:21:20.633176" elapsed="2.018916"/>
</kw>
<status status="PASS" start="2026-02-21T16:21:20.631696" elapsed="2.021384"/>
</test>
<kw name="Close All Browsers" owner="SeleniumLibrary" type="TEARDOWN">
<doc>Closes all open browsers and resets the browser cache.</doc>
<status status="PASS" start="2026-02-21T16:21:22.656884" elapsed="2.432053"/>
</kw>
<status status="FAIL" start="2026-02-21T16:20:32.698259" elapsed="52.390928"/>
</suite>
<statistics>
<total>
<stat pass="3" fail="1" skip="0">All Tests</stat>
</total>
<tag>
</tag>
<suite>
<stat name="Project2" id="s1" pass="3" fail="1" skip="0">Project2</stat>
</suite>
</statistics>
<errors>
</errors>
</robot>
