<?xml version="1.0" encoding="UTF-8"?>
<robot generator="Robot 7.4.1 (Python 3.14.2 on win32)" generated="2026-02-20T15:09:05.985181" rpa="false" schemaversion="5">
<suite id="s1" name="Frames" source="C:\Users\MUSKAN MISHRA\PycharmProjects\WiproRobotFramework\Selenium\frames.robot">
<test id="s1-t1" name="Select Date In jQuery UI Datepicker Frame" line="10">
<kw name="Open Browser" owner="SeleniumLibrary">
<msg time="2026-02-20T15:09:06.616712" level="INFO">Opening browser 'chrome' to base url 'https://jqueryui.com/datepicker/'.</msg>
<arg>${URL}</arg>
<arg>${BROWSER}</arg>
<doc>Opens a new browser instance to the optional ``url``.</doc>
<status status="PASS" start="2026-02-20T15:09:06.615907" elapsed="1.625105"/>
</kw>
<kw name="Maximize Browser Window" owner="SeleniumLibrary">
<doc>Maximizes current browser window.</doc>
<status status="PASS" start="2026-02-20T15:09:08.241865" elapsed="0.034615"/>
</kw>
<kw name="Wait Until Page Contains Element" owner="SeleniumLibrary">
<arg>css:iframe.demo-frame</arg>
<doc>Waits until the element ``locator`` appears on the current page.</doc>
<status status="PASS" start="2026-02-20T15:09:08.277346" elapsed="0.040631"/>
</kw>
<kw name="Select Frame" owner="SeleniumLibrary">
<msg time="2026-02-20T15:09:08.319732" level="INFO">Selecting frame 'css:iframe.demo-frame'.</msg>
<arg>css:iframe.demo-frame</arg>
<doc>Sets frame identified by ``locator`` as the current frame.</doc>
<status status="PASS" start="2026-02-20T15:09:08.319283" elapsed="0.059853"/>
</kw>
<kw name="Click Element" owner="SeleniumLibrary">
<msg time="2026-02-20T15:09:08.380256" level="INFO">Clicking element 'id:datepicker'.</msg>
<arg>id:datepicker</arg>
<doc>Click the element identified by ``locator``.</doc>
<status status="PASS" start="2026-02-20T15:09:08.379881" elapsed="0.191778"/>
</kw>
<kw name="Wait Until Page Contains Element" owner="SeleniumLibrary">
<arg>css:.ui-datepicker</arg>
<doc>Waits until the element ``locator`` appears on the current page.</doc>
<status status="PASS" start="2026-02-20T15:09:08.572330" elapsed="0.013188"/>
</kw>
<kw name="Click Element" owner="SeleniumLibrary">
<msg time="2026-02-20T15:09:08.587278" level="INFO">Clicking element 'xpath=//a[text()='15']'.</msg>
<arg>xpath=//a[text()='15']</arg>
<doc>Click the element identified by ``locator``.</doc>
<status status="PASS" start="2026-02-20T15:09:08.586687" elapsed="0.265769"/>
</kw>
<kw name="Get Value" owner="SeleniumLibrary">
<msg time="2026-02-20T15:09:08.903231" level="INFO">${chosen} = 02/15/2026</msg>
<var>${chosen}</var>
<arg>id:datepicker</arg>
<doc>Returns the value attribute of the element identified by ``locator``.</doc>
<status status="PASS" start="2026-02-20T15:09:08.854104" elapsed="0.049298"/>
</kw>
<kw name="Log" owner="BuiltIn">
<msg time="2026-02-20T15:09:08.905157" level="INFO">Selected date in input: 02/15/2026</msg>
<arg>Selected date in input: ${chosen}</arg>
<doc>Logs the given message with the given level.</doc>
<status status="PASS" start="2026-02-20T15:09:08.904315" elapsed="0.000969"/>
</kw>
<kw name="Unselect Frame" owner="SeleniumLibrary">
<doc>Sets the main frame as the current frame.</doc>
<status status="PASS" start="2026-02-20T15:09:08.906048" elapsed="0.005124"/>
</kw>
<kw name="Close Browser" owner="SeleniumLibrary">
<doc>Closes the current browser.</doc>
<status status="PASS" start="2026-02-20T15:09:08.912018" elapsed="2.258402"/>
</kw>
<status status="PASS" start="2026-02-20T15:09:06.610240" elapsed="4.562486"/>
</test>
<status status="PASS" start="2026-02-20T15:09:05.990235" elapsed="5.184713"/>
</suite>
<statistics>
<total>
<stat pass="1" fail="0" skip="0">All Tests</stat>
</total>
<tag>
</tag>
<suite>
<stat name="Frames" id="s1" pass="1" fail="0" skip="0">Frames</stat>
</suite>
</statistics>
<errors>
</errors>
</robot>
